\BOOKMARK [0][-]{chapter*.1}{Advertencia}{}% 1
\BOOKMARK [0][-]{chapter.1}{Introducci\363n}{}% 2
\BOOKMARK [0][-]{chapter.2}{Planteamiento del problema}{}% 3
\BOOKMARK [1][-]{section.2.1}{Contexto}{chapter.2}% 4
\BOOKMARK [0][-]{chapter.3}{Marco te\363rico conceptual}{}% 5
\BOOKMARK [1][-]{section.3.1}{Videojuego.}{chapter.3}% 6
\BOOKMARK [2][-]{subsection.3.1.1}{\277Qu\351 es un videojuego?}{section.3.1}% 7
\BOOKMARK [2][-]{subsection.3.1.2}{Caracteristicas del videojuego.}{section.3.1}% 8
\BOOKMARK [2][-]{subsection.3.1.3}{Clasificaci\363n del vidoejuego.}{section.3.1}% 9
\BOOKMARK [2][-]{subsection.3.1.4}{Industria del videojuego.}{section.3.1}% 10
\BOOKMARK [2][-]{subsection.3.1.5}{Industria del juego en M\351xico}{section.3.1}% 11
\BOOKMARK [1][-]{section.3.2}{Desarrollo de videojuegos.}{chapter.3}% 12
\BOOKMARK [2][-]{subsection.3.2.1}{Linea de producci\363n de un videojuego.}{section.3.2}% 13
\BOOKMARK [2][-]{subsection.3.2.2}{Metodologias de desarrollo de videojuegos.}{section.3.2}% 14
\BOOKMARK [2][-]{subsection.3.2.3}{Software para el desarrollo de videojuegos.}{section.3.2}% 15
\BOOKMARK [1][-]{section.3.3}{Cultura.}{chapter.3}% 16
\BOOKMARK [2][-]{subsection.3.3.1}{\277Qu\351 es la cultura?}{section.3.3}% 17
\BOOKMARK [2][-]{subsection.3.3.2}{Caracter\355sticas de la cultura}{section.3.3}% 18
\BOOKMARK [2][-]{subsection.3.3.3}{Clasificaci\363n de la cultura.}{section.3.3}% 19
\BOOKMARK [2][-]{subsection.3.3.4}{Importancia de la cultura.}{section.3.3}% 20
\BOOKMARK [1][-]{section.3.4}{Gamificaci\363n}{chapter.3}% 21
\BOOKMARK [2][-]{subsection.3.4.1}{\277Qu\351 es la gamificaci\363n?}{section.3.4}% 22
\BOOKMARK [2][-]{subsection.3.4.2}{Elementos del videojuego en la gamificaci\363n.}{section.3.4}% 23
\BOOKMARK [2][-]{subsection.3.4.3}{Tipos de jugadores.}{section.3.4}% 24
\BOOKMARK [2][-]{subsection.3.4.4}{Intervalos de actividades de la gamificaci\363n.}{section.3.4}% 25
\BOOKMARK [2][-]{subsection.3.4.5}{Tipos de diversi\363n.}{section.3.4}% 26
\BOOKMARK [2][-]{subsection.3.4.6}{Framework de dise\361o de la Gamificaci\363n}{section.3.4}% 27
\BOOKMARK [0][-]{chapter.4}{Alcance del proyecto}{}% 28
\BOOKMARK [1][-]{section.4.1}{Objetivos del proyecto}{chapter.4}% 29
\BOOKMARK [2][-]{subsection.4.1.1}{Objetivos generales}{section.4.1}% 30
\BOOKMARK [2][-]{subsection.4.1.2}{Objetivos especificos}{section.4.1}% 31
\BOOKMARK [1][-]{section.4.2}{Alcance del proyecto}{chapter.4}% 32
\BOOKMARK [1][-]{section.4.3}{Metodologia de trabajo}{chapter.4}% 33
\BOOKMARK [1][-]{section.4.4}{Especificaciones de plataforma}{chapter.4}% 34
\BOOKMARK [2][-]{subsection.4.4.1}{Hardaware requerido}{section.4.4}% 35
\BOOKMARK [2][-]{subsection.4.4.2}{Software requerido}{section.4.4}% 36
\BOOKMARK [1][-]{section.4.5}{Productos esperados}{chapter.4}% 37
\BOOKMARK [0][-]{chapter.5}{Trabajo realizado}{}% 38
\BOOKMARK [1][-]{section.5.1}{Etapa de Preproducci\363n}{chapter.5}% 39
\BOOKMARK [2][-]{subsection.5.1.1}{Primer Sprint Huddle de Preproducci\363n}{section.5.1}% 40
\BOOKMARK [2][-]{subsection.5.1.2}{Segundo Sprint Huddle de Preproducci\363n}{section.5.1}% 41
\BOOKMARK [2][-]{subsection.5.1.3}{Tercer Sprint Huddle de Preproducci\363n}{section.5.1}% 42
\BOOKMARK [2][-]{subsection.5.1.4}{Cuarto Sprint Huddle de Preproducci\363n}{section.5.1}% 43
\BOOKMARK [1][-]{section.5.2}{Etapa de producci\363n}{chapter.5}% 44
\BOOKMARK [2][-]{subsection.5.2.1}{Primer Sprint Huddle de Producci\363n.}{section.5.2}% 45
\BOOKMARK [2][-]{subsection.5.2.2}{Segundo Sprint Huddle de Producci\363n.}{section.5.2}% 46
\BOOKMARK [2][-]{subsection.5.2.3}{Tercer Sprint Huddle de Producci\363n.}{section.5.2}% 47
\BOOKMARK [2][-]{subsection.5.2.4}{Cuarto Sprint Huddle de Producci\363n.}{section.5.2}% 48
\BOOKMARK [2][-]{subsection.5.2.5}{Quinto Sprint Huddle de Producci\363n}{section.5.2}% 49
\BOOKMARK [2][-]{subsection.5.2.6}{Sexto Sprint Huddle de Producci\363n}{section.5.2}% 50
\BOOKMARK [0][-]{chapter.6}{Resultados obtenidos}{}% 51
\BOOKMARK [0][-]{chapter.7}{Conclusiones}{}% 52
\BOOKMARK [0][-]{chapter.8}{Anexos}{}% 53
\BOOKMARK [1][-]{section.8.1}{Interfaces}{chapter.8}% 54
\BOOKMARK [1][-]{section.8.2}{Dise\361o de Personajes}{chapter.8}% 55
\BOOKMARK [1][-]{section.8.3}{Modelo de Datos}{chapter.8}% 56
\BOOKMARK [1][-]{section.8.4}{Control de adicci\363n en el jugador}{chapter.8}% 57
\BOOKMARK [1][-]{section.8.5}{Maquetas de niveles}{chapter.8}% 58
